INFO:     Will watch for changes in these directories: ['/home/ricardominor/Documentos/Desarrollos/inventory/backend']
INFO:     Uvicorn running on http://0.0.0.0:8000 (Press CTRL+C to quit)
INFO:     Started reloader process [92174] using StatReload
INFO:     Started server process [92176]
INFO:     Waiting for application startup.
INFO:     Application startup complete.
Conectando a PostgreSQL para Realtime LISTEN...
Error crítico en Realtime listener: invalid literal for int() with base 10: 'Michicondrias_20-10_94'
INFO:     127.0.0.1:42422 - "GET /hr/shift-closings/history?limit=5 HTTP/1.1" 401 Unauthorized
WARNING:  StatReload detected changes in 'routers/hr.py'. Reloading...
INFO:     Shutting down
INFO:     Waiting for application shutdown.
INFO:     Application shutdown complete.
INFO:     Finished server process [92176]
INFO:     Started server process [93284]
INFO:     Waiting for application startup.
INFO:     Application startup complete.
Conectando a PostgreSQL para Realtime LISTEN...
Error crítico en Realtime listener: invalid literal for int() with base 10: 'Michicondrias_20-10_94'
INFO:     127.0.0.1:59844 - "OPTIONS /hr/shift-closings/history?limit=50 HTTP/1.1" 200 OK
INFO:     127.0.0.1:59858 - "GET /hr/shift-closings/history?limit=50 HTTP/1.1" 401 Unauthorized
INFO:     127.0.0.1:60776 - "GET /hr/shift-closings/history?limit=50 HTTP/1.1" 401 Unauthorized
INFO:     Shutting down
INFO:     Waiting for application shutdown.
INFO:     Application shutdown complete.
INFO:     Finished server process [93284]
INFO:     Stopping reloader process [92174]
